Determining if the pthread_create exist failed with the following output:
Change Dir: /home/young/Documents/IRIS/Path_Planning/fake_pointclouds/build/CMakeFiles/CMakeTmp

Run Build Command:/usr/bin/make "cmTryCompileExec3786637019/fast"
make[1]: Entering directory `/home/young/Documents/IRIS/Path_Planning/fake_pointclouds/build/CMakeFiles/CMakeTmp'
/usr/bin/make -f CMakeFiles/cmTryCompileExec3786637019.dir/build.make CMakeFiles/cmTryCompileExec3786637019.dir/build
make[2]: Entering directory `/home/young/Documents/IRIS/Path_Planning/fake_pointclouds/build/CMakeFiles/CMakeTmp'
/usr/bin/cmake -E cmake_progress_report /home/young/Documents/IRIS/Path_Planning/fake_pointclouds/build/CMakeFiles/CMakeTmp/CMakeFiles 1
Building C object CMakeFiles/cmTryCompileExec3786637019.dir/CheckSymbolExists.c.o
/usr/bin/cc    -o CMakeFiles/cmTryCompileExec3786637019.dir/CheckSymbolExists.c.o   -c /home/young/Documents/IRIS/Path_Planning/fake_pointclouds/build/CMakeFiles/CMakeTmp/CheckSymbolExists.c
Linking C executable cmTryCompileExec3786637019
/usr/bin/cmake -E cmake_link_script CMakeFiles/cmTryCompileExec3786637019.dir/link.txt --verbose=1
/usr/bin/cc       CMakeFiles/cmTryCompileExec3786637019.dir/CheckSymbolExists.c.o  -o cmTryCompileExec3786637019 -rdynamic 
CMakeFiles/cmTryCompileExec3786637019.dir/CheckSymbolExists.c.o: In function `main':
CheckSymbolExists.c:(.text+0x16): undefined reference to `pthread_create'
collect2: error: ld returned 1 exit status
make[2]: Leaving directory `/home/young/Documents/IRIS/Path_Planning/fake_pointclouds/build/CMakeFiles/CMakeTmp'
make[1]: Leaving directory `/home/young/Documents/IRIS/Path_Planning/fake_pointclouds/build/CMakeFiles/CMakeTmp'
make[2]: *** [cmTryCompileExec3786637019] Error 1
make[1]: *** [cmTryCompileExec3786637019/fast] Error 2

File /home/young/Documents/IRIS/Path_Planning/fake_pointclouds/build/CMakeFiles/CMakeTmp/CheckSymbolExists.c:
/* */
#include <pthread.h>

int main(int argc, char** argv)
{
  (void)argv;
#ifndef pthread_create
  return ((int*)(&pthread_create))[argc];
#else
  (void)argc;
  return 0;
#endif
}

Determining if the function pthread_create exists in the pthreads failed with the following output:
Change Dir: /home/young/Documents/IRIS/Path_Planning/fake_pointclouds/build/CMakeFiles/CMakeTmp

Run Build Command:/usr/bin/make "cmTryCompileExec87259897/fast"
make[1]: Entering directory `/home/young/Documents/IRIS/Path_Planning/fake_pointclouds/build/CMakeFiles/CMakeTmp'
/usr/bin/make -f CMakeFiles/cmTryCompileExec87259897.dir/build.make CMakeFiles/cmTryCompileExec87259897.dir/build
make[2]: Entering directory `/home/young/Documents/IRIS/Path_Planning/fake_pointclouds/build/CMakeFiles/CMakeTmp'
/usr/bin/cmake -E cmake_progress_report /home/young/Documents/IRIS/Path_Planning/fake_pointclouds/build/CMakeFiles/CMakeTmp/CMakeFiles 1
Building C object CMakeFiles/cmTryCompileExec87259897.dir/CheckFunctionExists.c.o
/usr/bin/cc   -DCHECK_FUNCTION_EXISTS=pthread_create   -o CMakeFiles/cmTryCompileExec87259897.dir/CheckFunctionExists.c.o   -c /usr/share/cmake-2.8/Modules/CheckFunctionExists.c
Linking C executable cmTryCompileExec87259897
/usr/bin/cmake -E cmake_link_script CMakeFiles/cmTryCompileExec87259897.dir/link.txt --verbose=1
/usr/bin/cc   -DCHECK_FUNCTION_EXISTS=pthread_create    CMakeFiles/cmTryCompileExec87259897.dir/CheckFunctionExists.c.o  -o cmTryCompileExec87259897 -rdynamic -lpthreads 
/usr/bin/ld: cannot find -lpthreads
collect2: error: ld returned 1 exit status
make[2]: *** [cmTryCompileExec87259897] Error 1
make[2]: Leaving directory `/home/young/Documents/IRIS/Path_Planning/fake_pointclouds/build/CMakeFiles/CMakeTmp'
make[1]: Leaving directory `/home/young/Documents/IRIS/Path_Planning/fake_pointclouds/build/CMakeFiles/CMakeTmp'
make[1]: *** [cmTryCompileExec87259897/fast] Error 2


